<?xml version="1.0" encoding="UTF-8"?>
<!-- Generated by org.testng.reporters.JUnitReportReporter -->
<testsuite hostname="A-RK71TVHJV9G4J" failures="0" tests="2" name="com.citi.test.LoginTest" time="16.272" errors="0" timestamp="2023-07-26T10:58:21 IST" skipped="0">
  <testcase classname="com.citi.test.LoginTest" name="invalidLoginTest" time="10.243"/>
  <testcase classname="com.citi.test.LoginTest" name="invalidLoginTest" time="6.029"/>
</testsuite> <!-- com.citi.test.LoginTest -->
