<?xml version="1.0" encoding="UTF-8"?>
<!-- Generated by org.testng.reporters.JUnitReportReporter -->
<testsuite hostname="A-RK71TVHJV9G4J" failures="0" tests="2" name="com.citi.runner.RunnerTest" time="21.538" errors="0" timestamp="2023-07-26T13:28:21 IST" skipped="0">
  <testcase classname="com.citi.runner.RunnerTest" name="runScenario" time="11.107"/>
  <testcase classname="com.citi.runner.RunnerTest" name="runScenario" time="10.431"/>
</testsuite> <!-- com.citi.runner.RunnerTest -->
